    1 METAGOAL
    2 input
    2 picture
    2 NL
    3 start
    3 elementlist
    4 term
   12 element
    1 lbrace
    2 namedobj
    2 suffix
    4 position
    2 assignlist
   10 command
    2 optnl
    1 ifpart
    1 elsehead
    2 for
    2 stringexpr
    2 string
    4 assignment
    5 expression
    1 ifhead
    1 setlogic
    2 logexpr
    1 forhead
    1 forincr
    2 do
    2 by
    3 redirect
    2 resetlist
    1 systemcmd
    2 defhead
    2 sprintf
    2 exprlist
   27 object
    1 openblock
    4 block
    2 optexp
    1 closeblock
    3 objectwith
    2 pair
    3 nth
    4 primobj
    3 shift
    5 location
    5 place
    3 factor
    4 placename
    3 ncount
    2 logprod
    3 logval
    4 lcompare
   13 primary
    0
  242 symbmax 
  182 prodmax 
  994 lrmax   
 4789 lrlin   
  606 lxmax   
    1    2
<EOF>
<START>
    2   16
+
-
!
<envvar>
<name>
<float>
(
rand
<func1>
<func2>
<Label>
<corner>
Here
last
`
{
    3    1
th
    4    6
of
<Label>
last
<float>
`
{
    5    4
<primitiv>
[]
<string>
[
    6    1
]
    7    1
(
    8   17
)
+
-
!
<envvar>
<name>
<float>
(
rand
<func1>
<func2>
<Label>
<corner>
Here
last
`
{
    9    5
<Label>
last
<float>
`
{
   10    4
.x
.y
*
/
   11   14
!
<envvar>
<name>
<float>
(
rand
<func1>
<func2>
<Label>
<corner>
Here
last
`
{
   12   19
sh
<name>
<envvar>
+
-
(
<corner>
Here
!
<string>
<Label>
<float>
rand
<func1>
<func2>
sprintf
last
`
{
   13    2
<string>
sprintf
   14    1
)
   15   13
<envvar>
<name>
<float>
(
rand
<func1>
<func2>
<Label>
<corner>
Here
last
`
{
   16   18
+
-
<string>
!
sprintf
<envvar>
<name>
<float>
(
rand
<func1>
<func2>
<Label>
<corner>
Here
last
`
{
   17    8
(
<corner>
Here
<Label>
last
<float>
`
{
   18    6
between
of
<
,
+
-
   19    1
,
   20    1
<compare>
   21    1
the
   22    1
way
   23    1
between
   24    1
and
   25    2
)
,
   26    2
<name>
<envvar>
   27    1
=
   28    2
)
||
   29    3
)
+
-
   30    3
,
+
-
   31    3
]
+
-
   32    3
'
+
-
   33    3
}
+
-
   34    2
;
<ERROR>
   35    2
[
[]
   36    2
to
,
   37    4
+
-
do
by
   38    3
do
+
-
   39    1
if
   40    2
then
||
   41    2
<name>
<Label>
   42   18
at
<corner>
.
+
-
(
Here
!
<Label>
<envvar>
<name>
<float>
rand
<func1>
<func2>
last
`
{
   43    1
at
   44    7
at
of
<Label>
last
<float>
`
{
   45    1
{
   46    1
}
   47    1
<envvar>
   48    3
<compare>
<string>
sprintf
   49    1
<endfor>
   50    1
:
   51    3
<END>
;
<ERROR>
    0    0
 !0 1 16
 "0 0 41
 #0 0 42
 $0 0 43
 %0 2 13
 &0 3 36
 '0 0 28
 (0 0 7
 )0 0 8
 *0 4 9
 +0 5 10
 ,0 0 19
 -0 6 11
 .0 8 25
 /0 100 12
 :0 101 20
 ;0 0 14
 <0 102 4
 =0 255 29
 >0 256 104
 H0 257 0
 [0 260 21
 ]0 0 22
 ^0 0 15
 `0 0 27
 a0 261 0
 b0 294 0
 c0 318 0
 d0 363 0
 e0 390 0
 f0 410 0
 h0 427 0
 i0 433 0
 l0 443 0
 m0 469 0
 n0 488 0
 o0 489 0
 p0 497 0
 r0 504 0
 s0 524 0
 t0 562 0
 u0 590 0
 w0 598 0
 {0 0 23
 |0 606 0
 }0 0 24
 }0 0 0
  0 0 0
 =0 0 101
 =0 0 35
 &0 0 17
 =0 0 33
 =0 0 31
 =7 0 32
 >0 0 149
 b9 95 93
 c10 88 98
 d11 81 0
 e12 76 94
 h13 70 0
 l14 63 95
 n15 57 92
 r16 48 94
 s17 38 93
 t18 28 92
 w19 21 95
 x20 0 70
 y0 0 71
 e22 26 0
 i0 23 0
 d0 24 107
 t0 25 0
 h0 0 107
 s0 27 0
 t0 0 95
 h29 31 0
 o0 30 0
 p0 0 92
 i0 32 0
 c0 33 0
 k0 34 110
 n0 35 0
 e0 36 0
 s0 37 0
 s0 0 110
 e39 0 89
 o40 45 0
 t41 42 0
 w0 0 91
 a0 43 0
 r0 44 0
 t0 0 96
 u0 46 0
 t0 47 0
 h0 0 93
 a49 53 0
 i0 50 0
 g0 51 0
 h0 52 0
 t0 0 94
 d0 54 108
 i0 55 0
 u0 56 0
 s0 0 108
 e58 0 88
 o59 60 0
 w0 0 90
 r0 61 0
 t0 62 0
 h0 0 92
 e0 64 0
 f65 69 0
 n0 66 111
 g0 67 0
 t0 68 0
 h0 0 111
 t0 0 95
 e71 72 0
 t0 0 106
 i0 73 0
 g0 74 0
 h0 75 0
 t0 0 106
 a77 79 0
 n0 78 0
 d0 0 97
 s0 80 0
 t0 0 94
 i0 82 0
 a0 83 0
 m0 84 109
 e0 85 0
 t0 86 0
 e0 87 0
 r0 0 109
 e0 89 0
 n0 90 0
 t0 91 0
 e92 94 0
 r0 93 0
 e0 0 98
 r0 0 98
 o0 96 0
 t0 97 93
 t0 98 0
 o0 99 0
 m0 0 93
 =0 0 34
 =0 0 30
 -103 254 148
 =104 0 103
 E105 241 0
 L106 232 0
 N107 230 0
 S108 225 0
 a109 216 0
 c110 197 0
 d111 189 0
 e112 178 0
 f113 166 0
 l114 148 0
 n115 144 0
 p116 131 0
 s117 125 0
 t0 118 0
 e0 119 0
 x0 120 0
 t0 121 0
 p0 122 0
 o0 123 0
 s0 124 0
 >0 0 141
 t0 126 0
 r0 127 0
 i0 128 0
 n0 129 0
 g0 130 0
 >0 0 41
 a132 140 0
 r0 133 0
 i0 134 0
 m0 135 0
 i0 136 0
 t0 137 0
 i0 138 0
 v0 139 0
 >0 0 156
 r0 141 0
 a0 142 0
 m0 143 0
 >0 0 105
 a0 145 0
 m0 146 0
 e0 147 0
 >0 0 38
 a149 157 0
 i0 150 0
 n0 151 0
 e0 152 0
 t0 153 0
 y0 154 0
 p0 155 0
 e0 156 0
 >0 0 132
 s0 158 0
 t0 159 0
 e160 163 0
 s0 161 0
 c0 162 0
 >0 0 182
 n0 164 0
 v0 165 0
 >0 0 188
 l167 174 0
 u0 168 0
 n0 169 0
 c0 170 0
 1171 173 0
 20 172 0
 >0 0 127
 >0 0 112
 o0 175 0
 a0 176 0
 t0 177 0
 >0 0 37
 n0 179 0
 d180 185 0
 v0 181 0
 v0 182 0
 a0 183 0
 r0 184 0
 >0 0 165
 f0 186 0
 o0 187 0
 r0 188 0
 >0 0 85
 i0 190 0
 r0 191 0
 e0 192 0
 c0 193 0
 t0 194 0
 o0 195 0
 n0 196 0
 >0 0 151
 o0 198 0
 l199 210 0
 m200 205 0
 r0 201 0
 n0 202 0
 e0 203 0
 r0 204 0
 >0 0 87
 p0 206 0
 a0 207 0
 r0 208 0
 e0 209 0
 >0 0 99
 r0 211 0
 s0 212 0
 p0 213 0
 e0 214 0
 c0 215 0
 >0 0 137
 r0 217 0
 g218 224 0
 r0 219 0
 o0 220 0
 w0 221 0
 h0 222 0
 d0 223 0
 >0 0 147
 >0 0 43
 T0 226 0
 A0 227 0
 R0 228 0
 T0 229 0
 >0 0 44
 L0 231 0
 >0 0 14
 a0 233 0
 T234 238 0
 b0 235 0
 e0 236 0
 l0 237 0
 >0 0 39
 e0 239 0
 X0 240 0
 >0 0 40
 M242 250 0
 N243 248 0
 R0 244 0
 R0 245 0
 O0 246 0
 R0 247 0
 >0 0 3
 D0 249 0
 >0 0 45
 P0 251 0
 T0 252 0
 Y0 253 0
 >0 0 2
 >0 0 150
 =0 0 100
 =0 0 102
 e0 258 0
 r0 259 0
 e0 0 66
 ]0 0 26
 b262 290 0
 c263 288 0
 n264 287 0
 r265 272 0
 s266 270 0
 t0 267 54
 a0 268 0
 n0 269 0
 20 0 128
 i0 271 0
 n0 0 115
 c273 284 160
 r0 274 0
 o0 275 0
 w0 276 162
 h277 280 0
 w0 278 0
 i0 279 0
 d0 0 168
 e281 282 0
 t0 0 167
 a0 283 0
 d0 0 183
 r0 285 0
 a0 286 0
 d0 0 166
 d0 0 65
 o0 289 0
 s0 0 114
 o291 292 0
 s0 0 113
 v0 293 0
 e0 0 145
 e295 310 0
 o296 297 0
 y0 0 56
 t298 307 0
 x0 299 157
 h300 306 0
 r301 304 0
 w0 302 0
 i0 303 0
 d0 0 171
 a0 305 0
 d0 0 170
 t0 0 169
 t0 308 0
 o0 309 0
 m0 0 93
 l311 316 0
 t0 312 0
 w0 313 0
 e0 314 0
 e0 315 0
 n0 0 64
 o0 317 0
 w0 0 146
 c319 362 0
 e320 356 0
 h321 354 0
 i322 347 0
 o323 324 0
 w0 0 5
 l325 339 0
 m326 335 0
 n327 330 0
 p328 329 0
 s0 0 116
 y0 0 73
 t0 331 0
 i0 332 0
 n0 333 0
 u0 334 0
 e0 0 58
 m0 336 0
 a0 337 0
 n0 338 0
 d0 0 77
 o0 340 0
 r341 345 138
 u0 342 0
 r0 343 138
 e0 344 0
 d0 0 138
 e0 346 0
 d0 0 138
 r0 348 0
 c0 349 0
 l0 350 0
 e0 351 158
 r0 352 0
 a0 353 0
 d0 0 172
 o0 355 0
 p0 0 59
 n0 357 0
 t0 358 0
 e359 361 0
 r0 360 0
 e0 0 142
 r0 0 142
 w0 0 6
 a364 383 0
 e365 379 0
 i366 373 0
 o0 367 84
 t368 370 0
 w0 369 0
 n0 0 153
 t0 371 0
 e0 372 0
 d0 0 134
 a0 374 0
 m0 375 49
 e0 376 0
 t0 377 0
 e0 378 0
 r0 0 49
 f0 380 0
 i0 381 0
 n0 382 0
 e0 0 78
 s0 384 0
 h0 385 0
 e386 389 0
 w0 387 0
 i0 388 0
 d0 0 173
 d0 0 135
 l391 398 0
 n392 397 0
 x0 393 0
 e394 396 0
 p0 395 117
 e0 0 118
 c0 0 75
 d0 0 97
 l399 401 0
 s0 400 0
 e0 0 82
 i0 402 0
 p0 403 0
 s0 404 0
 e0 405 159
 h406 409 0
 w0 407 0
 i0 408 0
 d0 0 175
 t0 0 174
 i411 420 0
 l412 417 0
 o413 416 0
 r0 414 0
 o0 415 0
 m0 0 52
 r0 0 83
 o0 418 0
 o0 419 0
 r0 0 126
 l0 421 0
 l0 422 69
 e423 426 0
 v0 424 0
 a0 425 0
 l0 0 184
 d0 0 69
 e428 429 0
 t0 0 46
 i0 430 0
 g0 431 0
 h0 432 0
 t0 0 46
 f434 0 81
 n0 435 0
 t436 0 119
 v0 437 0
 i0 438 0
 s0 439 136
 i0 440 0
 b0 441 0
 l0 442 0
 e0 0 136
 a444 467 0
 e445 465 0
 i446 453 0
 j447 450 0
 o0 448 0
 g0 449 120
 e0 0 121
 u0 451 0
 s0 452 0
 t0 0 143
 n0 454 0
 e0 455 161
 h456 464 0
 t457 460 0
 w0 458 0
 i0 459 0
 d0 0 177
 h0 461 0
 i0 462 0
 c0 463 0
 k0 0 185
 t0 0 176
 f0 466 0
 t0 0 155
 s0 468 0
 t0 0 68
 a470 480 0
 i471 479 0
 o0 472 0
 v0 473 0
 e0 474 163
 h475 478 0
 w0 476 0
 i0 477 0
 d0 0 179
 t0 0 178
 n0 0 130
 x0 481 129
 p0 482 0
 s0 483 0
 h484 487 0
 w0 485 0
 i0 486 0
 d0 0 187
 t0 0 186
 d0 0 67
 f490 0 61
 u0 491 0
 t0 492 0
 l0 493 0
 i0 494 0
 n0 495 0
 e0 496 139
 d0 0 139
 m498 502 0
 r0 499 0
 i0 500 0
 n0 501 0
 t0 0 72
 o0 503 0
 d0 0 131
 a505 518 0
 d506 0 67
 e507 515 0
 i508 512 0
 j0 509 0
 u0 510 0
 s0 511 0
 t0 0 144
 g0 513 0
 h0 514 0
 t0 0 154
 s0 516 0
 e0 517 0
 t0 0 74
 d519 521 48
 n0 520 0
 d0 0 80
 i0 522 0
 u0 523 0
 s0 0 48
 a525 560 0
 c526 556 0
 h527 552 76
 i528 549 0
 o529 546 0
 p530 537 0
 q531 535 0
 t0 532 67
 a0 533 0
 r0 534 0
 t0 0 96
 r0 536 0
 t0 0 124
 l538 543 0
 r0 539 0
 i0 540 0
 n0 541 0
 t0 542 0
 f0 0 86
 i0 544 0
 n0 545 0
 e0 0 164
 l0 547 0
 i0 548 0
 d0 0 133
 g550 551 0
 n0 0 123
 n0 0 122
 a0 553 0
 d0 554 0
 e0 555 140
 d0 0 140
 a0 557 0
 l0 558 0
 e0 559 188
 d0 0 51
 m0 561 0
 e0 0 60
 a563 589 0
 e564 576 0
 h565 567 67
 o0 566 53
 p0 0 92
 e568 575 62
 i0 569 0
 c0 570 0
 k0 571 50
 n0 572 0
 e0 573 0
 s0 574 0
 s0 0 50
 n0 0 57
 x0 577 0
 t0 578 0
 h579 588 0
 o580 583 0
 w0 581 0
 i0 582 0
 d0 0 182
 f0 584 0
 f0 585 0
 s0 586 0
 e0 587 0
 t0 0 181
 t0 0 180
 n0 0 125
 n591 592 0
 p0 0 152
 d0 593 0
 e0 594 0
 f0 595 79
 i0 596 0
 n0 597 0
 e0 0 79
 a599 605 0
 i0 600 0
 d601 603 47
 t0 602 0
 h0 0 55
 t0 604 0
 h0 0 47
 y0 0 63
 |0 0 18
0
5
10
15
20
25
30
35
40
45
50
55
60
65
70
75
80
85
90
95
100
105
110
115
120
125
130
135
140
145
150
155
160
165
170
175
180
185
190
195
200
205
210
215
220
225
230
235
240
245
250
255
260
265
270
275
280
285
290
295
300
305
310
315
320
325
330
335
340
345
350
355
360
365
370
375
380
385
390
395
400
405
410
415
420
425
430
435
440
445
450
455
460
465
470
475
480
485
490
495
500
505
510
515
520
525
530
535
540
545
550
555
560
565
570
575
580
585
590
595
600
605
610
615
620
625
630
635
640
645
650
655
660
665
670
675
680
685
690
695
700
705
710
715
720
725
730
735
740
745
750
755
760
765
770
775
780
785
790
795
800
805
810
815
820
825
830
835
840
845
850
855
860
865
870
875
880
885
890
895
900
905
910
915
920
925
930
935
940
945
950
955
960
965
970
975
980
985
990
995
1000
1005
1010
1015
1020
1025
1030
1035
1040
1045
1050
1055
1060
1065
1070
1075
1080
1085
1090
1095
1100
1105
1110
1115
1120
1125
1130
1135
1140
1145
1150
1155
1160
1165
1170
1175
1180
1185
1190
1195
1200
1205
1210
1215
1220
1225
1230
1235
1240
1245
1250
1255
1260
1265
1270
1275
1280
1285
1290
1295
1300
1305
1310
1315
1320
1325
1330
1335
1340
1345
1350
1355
1360
1365
1370
1375
1380
1385
1390
1395
1400
1405
1410
1415
1420
1425
1430
1435
1440
1445
1450
1455
1460
1465
1470
1475
1480
1485
1490
1495
1500
1505
1510
1515
1520
1525
1530
1535
1540
1545
1550
1555
1560
1565
1570
1575
1580
1585
1590
1595
1600
1605
1610
1615
1620
1625
1630
1635
1640
1645
1650
1655
1660
1665
1670
1675
1680
1685
1690
1695
1700
1705
1710
1715
1720
1725
1730
1735
1740
1745
1750
1755
1760
1765
1770
1775
1780
1785
1790
1795
1800
1805
1810
1815
1820
1825
1830
1835
1840
1845
1850
1855
1860
1865
1870
1875
1880
1885
1890
1895
1900
1905
1910
1915
1920
1925
1930
1935
1940
1945
1950
1955
1960
1965
1970
1975
1980
1985
1990
1995
2000
2005
2010
2015
2020
2025
2030
2035
2040
2045
2050
2055
2060
2065
2070
2075
2080
2085
2090
2095
2100
2105
2110
2115
2120
2125
2130
2135
2140
2145
2150
2155
2160
2165
2170
2175
2180
2185
2190
2195
2200
2205
2210
2215
2220
2225
2230
2235
2240
2245
2250
2255
2260
2265
2270
2275
2280
2285
2290
2295
2300
2305
2310
2315
2320
2325
2330
2335
2340
2345
2350
2355
2360
2365
2370
2375
2380
2385
2390
2395
2400
2405
2410
2415
2420
2425
2430
2435
2440
2445
2450
2455
2460
2465
2470
2475
2480
2485
2490
2495
2500
2505
2510
2515
2520
2525
2530
2535
2540
2545
2550
2555
2560
2565
2570
2575
2580
2585
2590
2595
2600
2605
2610
2615
2620
2625
2630
2635
2640
2645
2650
2655
2660
2665
2670
2675
2680
2685
2690
2695
2700
2705
2710
2715
2720
2725
2730
2735
2740
2745
2750
2755
2760
2765
2770
2775
2780
2785
2790
2795
2800
2805
2810
2815
2820
2825
2830
2835
2840
2845
2850
2855
2860
2865
2870
2875
2880
2885
2890
2895
2900
2905
2910
2915
2920
2925
2930
2935
2940
2945
2950
2955
2960
2965
2970
2975
2980
2985
2990
2995
3000
3005
3010
3015
3020
3025
3030
3035
3040
3045
3050
3055
3060
3065
3070
3075
3080
3085
3090
3095
3100
3105
3110
3115
3120
3125
3130
3135
3140
3145
3150
3155
3160
3165
3170
3175
3180
3185
3190
3195
3200
3205
3210
3215
3220
3225
3230
3235
3240
3245
3250
3255
3260
3265
3270
3275
3280
3285
3290
3295
3300
3305
3310
3315
3320
3325
3330
3335
3340
3345
3350
3355
3360
3365
3370
3375
3380
3385
3390
3395
3400
3405
3410
3415
3420
3425
3430
3435
3440
3445
3450
3455
3460
3465
3470
3475
3480
3485
3490
3495
3500
3505
3510
3515
3520
3525
3530
3535
3540
3545
3550
3555
3560
3565
3570
3575
3580
3585
3590
3595
3600
3605
3610
3615
3620
3625
3630
3635
3640
3645
3650
3655
3660
3665
3670
3675
3680
3685
3690
3695
3700
3705
3710
3715
3720
3725
3730
3735
3740
3745
3750
3755
3760
3765
3770
3774
3778
3782
3786
3790
3794
3798
3802
3806
3810
3814
3818
3822
3826
3830
3834
3838
3842
3846
3850
3854
3858
3862
3866
3870
3874
3878
3882
3886
3890
3894
3898
3902
3906
3910
3914
3918
3922
3926
3930
3934
3938
3942
3946
3950
3954
3958
3962
3966
3970
3974
3978
3982
3986
3990
3994
3998
4002
4006
4010
4014
4018
4022
4026
4030
4034
4038
4042
4046
4050
4054
4058
4062
4066
4070
4074
4078
4082
4086
4090
4094
4098
4102
4106
4110
4114
4118
4122
4126
4130
4134
4138
4142
4146
4150
4154
4158
4162
4166
4170
4174
4178
4182
4186
4190
4194
4198
4202
4206
4210
4214
4218
4222
4226
4230
4234
4238
4242
4246
4250
4254
4258
4262
4266
4270
4274
4278
4282
4286
4290
4294
4298
4302
4306
4310
4314
4318
4322
4326
4330
4334
4338
4342
4346
4350
4354
4358
4362
4366
4370
4374
4378
4382
4386
4390
4394
4398
4402
4406
4410
4414
4418
4422
4426
4430
4434
4438
4442
4446
4450
4454
4458
4462
4466
4470
4474
4478
4482
4486
4490
4494
4498
4502
4506
4510
4514
4519
4524
4529
4534
4539
4544
4549
4554
4559
4564
4569
4574
4579
4584
4589
4594
4599
4604
4609
4614
4619
4624
4629
4634
4639
4644
4649
4654
4659
4664
4669
4674
4679
4684
4689
4694
4699
4704
4709
4714
4719
4724
4729
4734
4739
4744
4749
4754
4759
4764
4769
4774
4779
4784
0 1 1 0 0
0 2 6 0 1
3 753 1 1 1
0 4 1 44 7
5 117 2 16 152
6 116 2 165 170
7 114 2 38 171
8 112 2 37 172
9 83 2 7 173
10 65 2 80 177
11 63 2 112 179
12 61 2 127 180
13 57 2 39 154
14 42 2 87 148
15 41 2 66 150
16 36 2 68 133
17 35 2 27 159
18 19 2 23 160
0 940 4 0 7
20 135 1 10 2
21 124 1 11 66
22 117 1 16 152
23 116 1 165 170
24 114 1 38 171
25 112 1 37 172
26 83 1 7 173
27 65 1 80 177
28 63 1 112 179
29 61 1 127 180
30 57 1 39 154
31 42 1 87 148
32 41 1 66 150
33 36 1 68 133
34 35 1 27 159
0 19 1 23 160
20 135 1 10 2
0 890 3 0 133
0 38 1 67 3
39 40 2 68 132
0 941 4 0 131
0 890 3 2 132
0 60 3 0 150
43 344 1 61 4
44 57 1 39 154
45 36 1 68 133
33 46 1 37 158
0 37 3 0 158
48 55 1 156 5
49 54 1 26 135
50 53 1 41 136
0 51 1 21 137
0 52 1 22 6
0 893 3 1 137
0 893 3 0 136
0 893 3 0 135
0 893 3 0 134
0 928 3 1 155
58 59 2 21 33
0 776 6 0 32
20 135 1 10 2
0 898 3 0 143
0 62 1 7 7
20 135 1 10 2
0 64 1 7 7
20 135 1 10 2
0 66 1 7 7
19 334 1 8 8
68 77 2 105 176
69 72 2 25 156
70 71 2 87 147
0 942 4 0 146
0 60 3 1 147
44 75 1 39 9
48 55 1 156 5
0 928 3 3 157
58 59 2 21 33
0 928 3 3 156
0 938 3 1 176
79 185 1 70 10
80 184 1 71 175
81 186 1 9 144
0 82 1 12 145
22 117 1 16 11
84 299 1 76 12
85 259 1 38 60
86 252 1 165 62
87 135 1 10 65
88 124 1 11 66
89 83 1 7 141
90 42 1 87 148
91 41 1 66 150
92 117 1 16 152
93 104 1 41 58
94 57 1 39 154
95 112 1 37 172
96 65 1 80 177
97 63 1 112 179
98 61 1 127 180
32 99 1 86 87
0 100 1 7 7
101 104 1 41 13
0 99 1 86 87
0 103 1 8 14
0 829 3 1 59
0 829 3 0 58
0 811 3 0 56
107 111 2 19 88
108 109 2 10 57
0 943 4 0 87
101 104 1 41 13
0 811 3 2 57
20 135 1 10 2
113 46 4 67 158
0 944 4 0 172
58 59 2 21 33
0 938 3 1 171
0 938 3 0 170
23 116 1 165 15
0 921 3 1 152
120 121 2 15 153
0 945 4 0 151
22 117 1 16 11
0 921 3 2 153
0 766 3 0 13
22 117 1 16 11
126 133 2 9 14
127 131 2 12 15
128 129 2 13 16
0 946 4 0 66
22 117 1 16 11
0 766 3 2 16
22 117 1 16 11
0 766 3 2 15
22 117 1 16 11
0 766 3 2 14
22 117 1 16 11
137 133 2 9 14
138 131 2 12 15
139 129 2 13 16
0 947 4 0 65
141 133 2 9 14
142 131 2 12 15
143 129 2 13 16
0 948 4 0 64
145 158 2 19 90
146 153 2 10 67
147 148 2 11 68
0 949 4 0 89
22 117 1 16 11
150 133 2 9 14
151 131 2 12 15
152 129 2 13 16
0 950 4 0 68
22 117 1 16 11
155 133 2 9 14
156 131 2 12 15
157 129 2 13 16
0 951 4 0 67
20 135 1 10 2
0 878 3 2 90
0 102 3 4 88
162 164 2 4 164
163 109 2 10 57
0 952 4 0 167
101 104 1 41 13
166 109 2 10 57
0 953 4 0 164
168 169 2 99 168
0 954 4 0 163
170 135 1 10 16
171 124 1 11 66
172 104 1 41 58
173 117 1 16 152
22 99 1 86 87
175 109 2 10 57
0 955 4 0 169
177 153 2 10 67
178 148 2 11 68
0 956 4 0 168
180 186 2 9 144
181 82 2 12 145
182 185 2 70 174
183 184 2 71 175
0 896 6 0 138
0 938 3 1 175
0 938 3 1 174
22 117 1 16 11
0 898 3 2 144
189 228 2 10 139
190 191 2 11 140
0 957 4 0 130
192 196 1 7 17
193 42 1 87 148
43 41 1 66 150
195 71 2 87 147
70 72 2 25 156
197 135 1 10 2
198 124 1 11 66
199 83 1 7 141
200 42 1 87 148
201 41 1 66 150
202 117 1 16 152
203 57 1 39 154
204 116 1 165 170
205 114 1 38 171
206 112 1 37 172
207 65 1 80 177
208 63 1 112 179
32 61 1 127 180
210 239 1 64 18
211 232 1 61 36
212 219 1 4 37
213 215 1 19 129
214 153 1 10 67
0 148 1 11 68
20 135 1 10 2
217 153 2 10 67
218 148 2 11 68
0 958 4 0 129
197 135 1 10 2
0 783 3 0 34
0 222 1 19 19
197 135 1 10 2
0 224 1 99 20
0 896 6 0 138
226 228 2 10 139
227 191 2 11 140
0 959 4 0 37
192 196 1 7 17
230 186 2 9 144
231 82 2 12 145
0 960 4 0 139
0 233 1 62 21
0 234 1 63 22
0 235 1 64 23
197 135 1 10 2
0 237 1 65 24
197 135 1 10 2
0 783 3 7 36
197 135 1 10 2
0 241 1 65 24
197 135 1 10 2
0 783 3 4 35
244 248 1 8 25
0 245 1 19 142
197 135 1 10 2
0 247 1 8 14
0 898 3 4 142
0 898 3 2 141
250 186 2 9 144
251 82 2 12 145
0 961 4 0 140
253 254 2 29 62
0 116 4 0 170
255 135 1 10 2
256 124 1 11 66
257 259 1 38 60
258 252 1 165 62
24 117 1 16 152
58 59 2 21 33
261 262 2 29 60
0 115 4 0 171
255 135 1 10 2
0 831 3 3 61
265 153 2 10 67
266 148 2 11 68
0 962 4 0 60
0 831 3 2 63
269 153 2 10 67
270 148 2 11 68
0 963 4 0 62
0 934 3 0 161
273 239 2 64 35
274 232 2 61 36
275 279 2 4 37
276 215 2 19 129
277 153 2 10 67
278 148 2 11 68
0 964 4 0 166
280 135 1 10 2
281 124 1 11 66
282 83 1 7 141
283 117 1 16 152
284 42 1 87 148
285 41 1 66 150
286 116 1 165 170
287 114 1 38 171
288 112 1 37 172
289 65 1 80 177
290 63 1 112 179
291 61 1 127 180
32 57 1 39 154
293 239 2 64 35
294 232 2 61 36
295 219 2 4 37
296 153 2 10 67
297 148 2 11 68
298 215 2 19 129
0 965 4 0 165
101 104 1 41 13
301 109 2 10 57
0 966 4 0 84
0 801 3 0 38
304 305 2 17 162
0 967 4 0 71
306 135 1 10 16
307 124 1 11 66
308 104 1 41 58
21 99 1 86 87
276 310 2 4 165
20 135 1 10 2
312 153 2 10 67
298 148 2 11 68
0 934 3 2 162
0 315 1 8 14
0 938 3 2 182
317 324 1 8 25
0 318 1 19 39
319 321 1 38 26
0 320 1 165 62
0 254 1 29 27
58 59 2 21 33
0 262 1 29 27
0 801 3 2 39
0 938 3 2 181
326 330 1 8 28
0 327 1 18 72
306 135 1 10 16
329 305 2 17 162
0 968 4 0 72
0 938 3 2 173
0 898 3 2 145
213 333 1 8 29
0 938 3 3 178
0 938 3 2 177
213 336 1 8 29
0 938 3 3 179
213 338 1 19 30
20 135 1 10 2
213 340 1 8 29
0 938 3 5 180
213 342 1 22 31
0 776 3 2 33
0 928 3 1 154
44 57 1 39 9
346 72 2 25 156
0 969 4 0 149
348 72 2 25 156
0 970 4 0 148
213 350 1 28 32
0 37 3 2 159
213 352 1 24 33
0 37 3 2 160
354 133 2 9 14
355 131 2 12 15
356 129 2 13 16
357 117 2 16 152
358 116 2 165 170
359 114 2 38 171
360 112 2 37 172
361 83 2 7 173
362 65 2 80 177
363 63 2 112 179
364 61 2 127 180
365 57 2 39 154
366 42 2 87 148
367 41 2 66 150
368 36 2 68 133
369 35 2 27 159
370 19 2 23 160
0 971 4 0 8
372 133 2 9 14
373 131 2 12 15
374 129 2 13 16
0 972 4 0 9
376 378 1 14 34
0 377 1 3 6
0 754 3 0 6
0 754 3 0 5
380 634 2 39 18
381 631 2 151 20
382 630 2 40 21
383 615 2 77 27
384 612 2 75 28
385 500 2 72 40
386 493 2 74 43
387 489 2 73 46
388 478 2 79 48
389 627 6 23 29
390 452 2 58 117
391 321 2 38 60
392 320 2 165 62
393 299 2 76 84
394 448 2 78 85
395 429 2 83 73
396 408 2 156 119
397 444 6 81 70
398 402 6 21 118
399 402 6 26 118
400 104 2 41 58
401 99 2 86 87
0 759 6 0 10
403 405 1 21 35
0 404 1 26 122
0 473 3 1 122
380 634 2 39 18
407 109 2 10 57
0 973 4 0 120
409 135 2 10 65
410 124 2 11 66
411 117 2 16 152
412 116 2 165 170
413 114 2 38 171
414 112 2 37 172
415 83 2 7 173
416 65 2 80 177
417 63 2 112 179
418 61 2 127 180
419 57 2 39 154
420 42 2 87 148
421 41 2 66 150
422 36 2 68 133
423 35 2 27 159
424 19 2 23 160
0 882 6 0 123
426 153 2 10 67
427 148 2 11 68
0 974 4 0 124
0 473 3 1 119
319 321 1 38 26
317 431 1 53 36
20 135 1 10 2
433 153 1 10 37
434 148 1 11 68
435 442 1 84 75
0 436 1 56 77
437 438 2 9 78
0 975 4 0 77
0 439 3 1 78
20 135 1 10 2
213 441 1 84 38
0 443 3 2 76
0 443 3 0 75
0 474 3 4 73
0 445 1 81 39
306 135 1 10 16
326 447 1 57 40
0 476 3 3 69
449 451 1 38 41
0 450 1 39 86
0 482 3 1 86
0 482 3 1 85
0 880 3 0 117
454 471 1 54 42
455 468 1 87 115
456 460 1 25 127
457 135 1 10 65
458 124 1 11 66
200 83 1 7 141
213 215 1 19 30
44 463 1 39 9
48 55 1 156 5
0 453 3 3 128
58 59 2 21 33
0 453 3 3 127
0 466 1 54 43
197 135 1 10 2
0 880 3 3 116
42 469 1 54 44
197 135 1 10 2
0 880 3 3 115
197 135 1 10 2
0 880 3 2 114
0 880 3 0 91
0 475 1 23 45
380 634 2 39 18
0 477 1 23 45
380 634 2 39 18
479 481 1 38 41
0 480 1 39 49
0 629 3 1 49
0 629 3 1 48
483 378 2 14 5
484 377 2 3 6
0 804 6 0 50
0 804 3 0 51
0 487 1 23 45
0 488 1 24 46
0 629 3 3 47
101 104 1 41 13
491 109 2 10 57
0 976 4 0 46
0 629 3 0 45
494 495 2 165 82
0 977 4 0 43
0 496 3 0 82
497 498 2 19 83
0 978 4 0 44
0 499 1 165 47
0 496 3 2 83
501 135 1 10 16
502 124 1 11 66
503 104 1 41 58
504 117 1 16 152
505 83 1 7 141
506 99 1 86 87
507 116 1 165 170
508 114 1 38 171
509 112 1 37 172
510 65 1 80 177
511 63 1 112 179
512 61 1 127 180
513 42 1 87 148
514 41 1 66 150
32 57 1 39 154
516 109 2 10 57
517 518 2 99 80
0 873 6 0 79
100 519 1 99 48
101 104 1 41 13
521 109 2 10 57
0 979 4 0 81
523 109 2 10 57
0 980 4 0 80
0 629 3 2 42
517 518 2 99 80
0 629 3 2 41
528 153 2 10 67
529 148 2 11 68
530 239 2 64 35
531 232 2 61 36
532 219 2 4 37
516 215 2 19 129
0 629 3 2 40
535 608 2 46 92
536 604 2 47 93
537 600 2 48 94
538 596 2 49 95
539 592 2 50 96
540 588 2 51 97
541 586 2 151 98
542 584 2 132 99
543 582 2 59 100
544 580 2 69 101
545 578 2 147 102
546 577 2 57 103
547 576 2 5 104
548 575 2 6 105
549 574 2 60 106
550 570 2 56 108
551 568 2 52 109
552 566 2 53 110
553 564 2 54 111
554 563 2 141 112
555 560 2 137 113
556 559 2 55 126
557 104 2 41 58
558 99 2 86 87
0 981 4 0 30
0 453 3 1 126
101 104 1 41 13
562 109 2 10 57
0 982 4 0 113
0 880 3 1 112
197 135 1 10 2
0 880 3 2 111
197 135 1 10 2
0 880 3 2 110
197 135 1 10 2
0 880 3 2 109
197 135 1 10 2
0 880 3 2 108
573 109 2 10 57
0 983 4 0 107
0 880 3 1 106
0 880 3 1 105
0 880 3 1 104
0 880 3 1 103
409 135 2 10 65
0 880 3 2 102
409 135 2 10 65
0 880 3 2 101
409 135 2 10 65
0 880 3 2 100
409 135 2 10 65
0 880 3 2 99
409 135 2 10 65
0 880 3 2 98
20 135 1 10 2
590 153 2 10 67
591 148 2 11 68
0 984 4 0 97
20 135 1 10 2
594 153 2 10 67
595 148 2 11 68
0 985 4 0 96
20 135 1 10 2
598 153 2 10 67
599 148 2 11 68
0 986 4 0 95
20 135 1 10 2
602 153 2 10 67
603 148 2 11 68
0 987 4 0 94
20 135 1 10 2
606 153 2 10 67
607 148 2 11 68
0 988 4 0 93
20 135 1 10 2
610 153 2 10 67
611 148 2 11 68
0 989 4 0 92
101 104 1 41 13
614 109 2 10 57
0 990 4 0 28
101 104 1 41 13
617 109 2 10 57
0 991 4 0 27
619 717 2 24 26
0 620 6 0 74
0 621 1 85 49
380 634 2 39 18
0 623 1 23 45
380 634 2 39 18
625 626 2 82 53
0 992 4 0 24
0 622 3 1 53
0 628 1 23 45
380 634 2 39 18
0 773 3 0 22
0 773 3 0 21
0 773 3 0 20
633 318 2 19 39
0 993 4 0 19
58 59 2 21 33
0 636 1 20 50
637 452 2 58 117
638 135 2 10 65
639 124 2 11 66
640 408 2 156 119
641 83 2 7 141
642 42 2 87 148
643 41 2 66 150
644 117 2 16 152
645 104 2 41 58
646 57 2 39 154
647 116 2 165 170
648 114 2 38 171
649 112 2 37 172
650 65 2 80 177
651 63 2 112 179
652 61 2 127 180
653 99 2 86 87
654 36 2 68 133
655 35 2 27 159
656 19 2 23 160
0 402 6 0 118
658 608 2 46 92
659 604 2 47 93
660 600 2 48 94
661 596 2 49 95
662 592 2 50 96
663 588 2 51 97
664 586 2 151 98
665 584 2 132 99
666 582 2 59 100
667 580 2 69 101
668 578 2 147 102
669 577 2 57 103
670 576 2 5 104
671 575 2 6 105
672 574 2 60 106
673 570 2 56 108
674 568 2 52 109
675 566 2 53 110
676 564 2 54 111
677 563 2 141 112
678 560 2 137 113
679 559 2 55 126
680 104 2 41 58
681 99 2 86 87
0 994 4 0 31
0 773 3 3 18
0 773 3 0 17
0 759 3 0 11
483 378 2 14 5
687 634 2 39 18
688 631 2 151 20
689 630 2 40 21
690 615 2 77 27
691 612 2 75 28
692 500 2 72 40
693 493 2 74 43
694 489 2 73 46
695 478 2 79 48
696 627 6 23 29
697 452 2 58 117
698 321 2 38 60
699 320 2 165 62
700 299 2 76 84
701 448 2 78 85
702 429 2 83 73
703 408 2 156 119
704 444 6 81 70
705 402 6 21 118
706 402 6 26 118
707 104 2 41 58
708 99 2 86 87
0 485 4 0 51
0 759 3 2 12
0 711 1 24 46
0 773 3 4 23
483 378 2 14 5
0 714 1 24 46
0 773 3 4 25
483 378 2 14 5
0 618 3 4 55
0 773 3 1 26
483 378 2 14 5
0 720 1 24 46
0 624 3 4 52
483 378 2 14 5
0 618 3 3 54
483 378 2 14 5
0 725 3 1 125
0 726 1 22 6
0 473 3 3 121
375 750 1 45 51
729 749 2 45 4
730 634 2 39 18
731 631 2 151 20
732 630 2 40 21
733 615 2 77 27
734 612 2 75 28
735 500 2 72 40
736 493 2 74 43
737 489 2 73 46
738 478 2 79 48
739 627 6 23 29
740 452 2 58 117
741 321 2 38 60
742 320 2 165 62
743 299 2 76 84
744 448 2 78 85
745 429 2 83 73
746 408 2 156 119
747 444 6 81 70
748 104 2 41 58
656 99 2 86 87
0 751 3 4 4
0 751 3 3 3
376 378 1 14 34
0 2 3 2 2
0 0 0 2 0
755 379 5 375
756 485 5 482
757 728 5 727
758 752 5 751
0 686 5 0
760 723 5 405
761 721 5 475
762 718 5 477
763 715 5 621
764 712 5 623
765 685 5 628
0 727 5 0
767 353 5 4
768 125 5 124
769 136 5 135
770 149 5 148
771 154 5 153
772 371 5 353
0 140 5 0
774 709 5 686
775 709 5 728
0 684 5 0
777 76 5 75
778 115 5 114
779 260 5 259
780 322 5 321
781 464 5 463
782 635 5 634
0 343 5 0
784 221 5 219
785 223 5 222
786 236 5 235
787 238 5 237
788 240 5 239
789 242 5 241
790 246 5 245
791 221 5 279
792 467 5 466
793 470 5 469
794 472 5 471
795 525 5 500
796 565 5 564
797 567 5 566
798 569 5 568
799 571 5 570
800 682 5 636
0 243 5 0
802 316 5 83
803 430 5 429
0 632 5 0
805 710 5 685
806 713 5 712
807 716 5 715
808 719 5 718
809 722 5 721
810 724 5 723
0 486 5 0
812 161 5 83
813 106 5 100
814 165 5 164
815 174 5 169
816 300 5 299
817 161 5 305
818 161 5 327
819 161 5 445
820 490 5 489
821 515 5 500
822 522 5 518
823 520 5 519
824 572 5 534
825 561 5 560
826 613 5 612
827 616 5 615
828 572 5 657
0 406 5 0
830 110 5 109
0 105 5 0
832 267 5 254
833 263 5 262
834 323 5 318
0 302 5 0
836 351 5 19
837 349 5 35
838 341 5 59
839 337 5 62
840 335 5 64
841 332 5 66
842 272 5 83
843 144 5 111
844 144 5 158
845 176 5 169
846 216 5 215
847 268 5 254
848 264 5 262
849 292 5 279
850 309 5 305
851 311 5 310
852 309 5 327
853 339 5 338
854 425 5 408
855 432 5 431
856 440 5 439
857 309 5 445
858 459 5 453
859 527 5 500
860 425 5 578
861 425 5 580
862 425 5 582
863 425 5 584
864 425 5 586
865 589 5 588
866 593 5 592
867 597 5 596
868 601 5 600
869 605 5 604
870 609 5 608
0 209 5 0
872 446 5 445
0 325 5 0
874 526 5 525
875 533 5 527
0 524 5 0
877 314 5 83
0 492 5 0
879 159 5 158
0 160 5 0
881 657 5 636
0 534 5 0
883 579 5 578
884 581 5 580
885 583 5 582
886 585 5 584
887 587 5 586
0 428 5 0
889 465 5 453
0 220 5 0
891 73 5 72
892 461 5 460
0 47 5 0
894 74 5 73
895 462 5 461
0 56 5 0
897 225 5 224
0 188 5 0
899 179 5 83
900 249 5 191
901 179 5 196
902 179 5 219
903 179 5 222
904 229 5 228
905 179 5 235
906 179 5 237
907 179 5 239
908 179 5 241
909 179 5 245
910 179 5 279
911 179 5 453
912 179 5 466
913 179 5 469
914 179 5 471
915 179 5 500
916 179 5 564
917 179 5 566
918 179 5 568
919 179 5 570
920 179 5 636
0 78 5 0
922 331 5 82
923 122 5 121
924 130 5 129
925 132 5 131
926 134 5 133
927 187 5 186
0 123 5 0
929 347 5 42
930 194 5 191
931 194 5 228
932 345 5 344
933 347 5 468
0 67 5 0
935 328 5 327
0 303 5 0
937 313 5 305
0 271 5 0
939 118 5 117
0 119 5 0
0 375 3 0 7
0 890 3 1 131
0 60 3 0 146
0 102 3 2 87
0 938 3 0 172
0 921 3 0 151
0 835 3 1 66
0 835 3 1 65
0 835 3 0 64
0 878 3 0 89
0 835 3 2 68
0 835 3 2 67
0 167 3 0 167
0 936 3 2 164
0 936 3 0 163
0 167 3 2 169
0 167 3 2 168
0 888 3 1 130
0 888 3 2 129
0 783 3 6 37
0 896 3 2 139
0 896 3 2 140
0 831 3 3 60
0 831 3 2 62
0 167 3 0 166
0 936 3 2 165
0 876 3 1 84
0 871 3 0 71
0 871 3 2 72
0 60 3 2 149
0 60 3 1 148
0 375 3 1 8
0 375 3 2 9
0 473 3 0 120
0 882 3 0 124
0 439 3 0 77
0 629 3 1 46
0 629 3 0 43
0 629 3 1 44
0 873 3 2 81
0 873 3 1 80
0 683 3 0 30
0 880 3 2 113
0 880 3 1 107
0 880 3 2 97
0 880 3 2 96
0 880 3 2 95
0 880 3 2 94
0 880 3 2 93
0 880 3 2 92
0 773 3 1 28
0 773 3 1 27
0 773 3 0 24
0 773 3 0 19
0 683 3 3 31
